<?xml version="1.0" encoding="UTF-8"?>
<!-- Generated by org.testng.reporters.JUnitReportReporter -->
<testsuite skipped="0" hostname="LAPTOP-92KAMVTI" name="Tests.NewUserPageTest" tests="1" failures="0" timestamp="21 Jun 2021 16:23:57 GMT" time="14.533" errors="0">
  <testcase name="newUserPageTest" time="14.533" classname="Tests.NewUserPageTest"/>
</testsuite> <!-- Tests.NewUserPageTest -->
