<?xml version="1.0" encoding="UTF-8"?>
<!-- Generated by org.testng.reporters.JUnitReportReporter -->
<testsuite skipped="0" hostname="LAPTOP-92KAMVTI" name="Tests.SimpleTest" tests="2" failures="0" timestamp="26 Jun 2021 03:39:15 GMT" time="0.011" errors="0">
  <testcase name="test1" time="0.010" classname="Tests.SimpleTest"/>
  <testcase name="test2" time="0.001" classname="Tests.SimpleTest"/>
</testsuite> <!-- Tests.SimpleTest -->
