<?xml version="1.0" encoding="UTF-8"?>
<!-- Generated by org.testng.reporters.JUnitReportReporter -->
<testsuite skipped="0" hostname="LAPTOP-92KAMVTI" name="Tests.FileManagerPageTest" tests="1" failures="0" timestamp="24 Jun 2021 10:54:22 GMT" time="46.770" errors="0">
  <testcase name="fileManagerPagetest" time="46.770" classname="Tests.FileManagerPageTest"/>
</testsuite> <!-- Tests.FileManagerPageTest -->
