<?xml version="1.0" encoding="UTF-8"?>
<!-- Generated by org.testng.reporters.JUnitReportReporter -->
<testsuite skipped="0" hostname="LAPTOP-92KAMVTI" name="Tests.ArticleValidationPageTest" tests="1" failures="0" timestamp="21 Jun 2021 16:21:09 GMT" time="135.651" errors="0">
  <testcase name="articleValidationPagetest" time="135.651" classname="Tests.ArticleValidationPageTest"/>
</testsuite> <!-- Tests.ArticleValidationPageTest -->
