<?xml version="1.0" encoding="UTF-8"?>
<!-- Generated by org.testng.reporters.JUnitReportReporter -->
<testsuite skipped="0" hostname="LAPTOP-92KAMVTI" name="Tests.FileManagerViewPageTest" tests="1" failures="0" timestamp="24 Jun 2021 11:20:25 GMT" time="39.109" errors="0">
  <testcase name="fileManagerPagetest" time="39.109" classname="Tests.FileManagerViewPageTest"/>
</testsuite> <!-- Tests.FileManagerViewPageTest -->
