<?xml version="1.0" encoding="UTF-8"?>
<!-- Generated by org.testng.reporters.JUnitReportReporter -->
<testsuite skipped="0" hostname="LAPTOP-92KAMVTI" name="Tests.KnowledgeBasePageTest" tests="1" failures="0" timestamp="21 Jun 2021 16:34:44 GMT" time="81.526" errors="0">
  <testcase name="knowledgeBasePagetest" time="81.526" classname="Tests.KnowledgeBasePageTest"/>
</testsuite> <!-- Tests.KnowledgeBasePageTest -->
